android.210928.1743/app/build/intermediates/manifest_merge_blame_file/release/manifest-merger-blame-release-report.txt
1<?xml version="1.0" encoding="utf-8"?>
2<manifest xmlns:android="http://schemas.android.com/apk/res/android"
3    package="org.rewebster.Virgel"
4    android:versionCode="1"
5    android:versionName="1.0" >
6
7    <uses-sdk
8        android:minSdkVersion="17"
8-->src/main/AndroidManifest.xml
9        android:targetSdkVersion="30" />
9-->src/main/AndroidManifest.xml
10
11    <application
11-->src/main/AndroidManifest.xml:3:5-10:19
12        android:appComponentFactory="androidx.core.app.CoreComponentFactory"
12-->[androidx.core:core:1.3.0] AndroidManifest.xml:24:18-86
13        android:icon="@mipmap/ic_launcher"
13-->src/main/AndroidManifest.xml:3:18-52
14        android:label="fvirgel" >
14-->src/main/AndroidManifest.xml:3:53-76
15        <activity
15-->src/main/AndroidManifest.xml:4:9-9:20
16            android:name="org.rewebster.fvirgel.MainActivity"
16-->src/main/AndroidManifest.xml:4:19-47
17            android:theme="@style/Theme.AppCompat.Light.NoActionBar.FullScreen" >
17-->src/main/AndroidManifest.xml:4:48-115
18            <intent-filter>
18-->src/main/AndroidManifest.xml:5:13-8:29
19                <action android:name="android.intent.action.MAIN" />
19-->src/main/AndroidManifest.xml:6:17-68
19-->src/main/AndroidManifest.xml:6:25-66
20
21                <category android:name="android.intent.category.LAUNCHER" />
21-->src/main/AndroidManifest.xml:7:17-76
21-->src/main/AndroidManifest.xml:7:27-74
22            </intent-filter>
23        </activity>
24    </application>
25
26</manifest>